{"/home/gavin/coding/hello-dalle-discordbot/bot.js": {"path":"/home/gavin/coding/hello-dalle-discordbot/bot.js","statementMap":{"0":{"start":{"line":1,"column":38},"end":{"line":1,"column":59}},"1":{"start":{"line":2,"column":96},"end":{"line":2,"column":115}},"2":{"start":{"line":3,"column":23},"end":{"line":3,"column":39}},"3":{"start":{"line":4,"column":62},"end":{"line":4,"column":82}},"4":{"start":{"line":5,"column":20},"end":{"line":5,"column":50}},"5":{"start":{"line":7,"column":23},"end":{"line":7,"column":28}},"6":{"start":{"line":9,"column":15},"end":{"line":16,"column":2}},"7":{"start":{"line":18,"column":0},"end":{"line":34,"column":3}},"8":{"start":{"line":19,"column":4},"end":{"line":33,"column":5}},"9":{"start":{"line":20,"column":22},"end":{"line":20,"column":49}},"10":{"start":{"line":23,"column":31},"end":{"line":23,"column":51}},"11":{"start":{"line":24,"column":29},"end":{"line":24,"column":79}},"12":{"start":{"line":25,"column":35},"end":{"line":25,"column":108}},"13":{"start":{"line":28,"column":31},"end":{"line":28,"column":187}},"14":{"start":{"line":30,"column":8},"end":{"line":30,"column":56}},"15":{"start":{"line":32,"column":8},"end":{"line":32,"column":58}},"16":{"start":{"line":36,"column":0},"end":{"line":38,"column":3}},"17":{"start":{"line":37,"column":4},"end":{"line":37,"column":38}},"18":{"start":{"line":40,"column":0},"end":{"line":109,"column":3}},"19":{"start":{"line":41,"column":18},"end":{"line":41,"column":31}},"20":{"start":{"line":42,"column":20},"end":{"line":42,"column":35}},"21":{"start":{"line":45,"column":4},"end":{"line":108,"column":5}},"22":{"start":{"line":47,"column":8},"end":{"line":87,"column":9}},"23":{"start":{"line":48,"column":12},"end":{"line":48,"column":78}},"24":{"start":{"line":48,"column":23},"end":{"line":48,"column":78}},"25":{"start":{"line":51,"column":12},"end":{"line":86,"column":13}},"26":{"start":{"line":52,"column":16},"end":{"line":52,"column":53}},"27":{"start":{"line":53,"column":16},"end":{"line":53,"column":130}},"28":{"start":{"line":57,"column":17},"end":{"line":86,"column":13}},"29":{"start":{"line":58,"column":29},"end":{"line":58,"column":47}},"30":{"start":{"line":59,"column":16},"end":{"line":69,"column":17}},"31":{"start":{"line":60,"column":37},"end":{"line":60,"column":44}},"32":{"start":{"line":61,"column":35},"end":{"line":61,"column":132}},"33":{"start":{"line":61,"column":70},"end":{"line":61,"column":131}},"34":{"start":{"line":62,"column":20},"end":{"line":66,"column":21}},"35":{"start":{"line":63,"column":24},"end":{"line":63,"column":58}},"36":{"start":{"line":65,"column":24},"end":{"line":65,"column":87}},"37":{"start":{"line":68,"column":20},"end":{"line":68,"column":82}},"38":{"start":{"line":73,"column":17},"end":{"line":86,"column":13}},"39":{"start":{"line":74,"column":29},"end":{"line":74,"column":47}},"40":{"start":{"line":75,"column":16},"end":{"line":85,"column":17}},"41":{"start":{"line":76,"column":34},"end":{"line":76,"column":55}},"42":{"start":{"line":77,"column":20},"end":{"line":82,"column":21}},"43":{"start":{"line":78,"column":24},"end":{"line":78,"column":43}},"44":{"start":{"line":79,"column":24},"end":{"line":79,"column":92}},"45":{"start":{"line":81,"column":24},"end":{"line":81,"column":100}},"46":{"start":{"line":84,"column":20},"end":{"line":84,"column":80}},"47":{"start":{"line":90,"column":8},"end":{"line":107,"column":9}},"48":{"start":{"line":91,"column":12},"end":{"line":106,"column":13}},"49":{"start":{"line":92,"column":29},"end":{"line":92,"column":47}},"50":{"start":{"line":93,"column":16},"end":{"line":103,"column":17}},"51":{"start":{"line":94,"column":37},"end":{"line":94,"column":44}},"52":{"start":{"line":95,"column":35},"end":{"line":95,"column":132}},"53":{"start":{"line":95,"column":70},"end":{"line":95,"column":131}},"54":{"start":{"line":96,"column":20},"end":{"line":100,"column":21}},"55":{"start":{"line":97,"column":24},"end":{"line":97,"column":69}},"56":{"start":{"line":99,"column":24},"end":{"line":99,"column":87}},"57":{"start":{"line":102,"column":20},"end":{"line":102,"column":78}},"58":{"start":{"line":104,"column":19},"end":{"line":106,"column":13}},"59":{"start":{"line":105,"column":16},"end":{"line":105,"column":109}},"60":{"start":{"line":111,"column":0},"end":{"line":111,"column":32}}},"fnMap":{"0":{"name":"(anonymous_0)","decl":{"start":{"line":18,"column":21},"end":{"line":18,"column":22}},"loc":{"start":{"line":18,"column":33},"end":{"line":34,"column":1}},"line":18},"1":{"name":"(anonymous_1)","decl":{"start":{"line":36,"column":28},"end":{"line":36,"column":29}},"loc":{"start":{"line":36,"column":44},"end":{"line":38,"column":1}},"line":36},"2":{"name":"(anonymous_2)","decl":{"start":{"line":40,"column":27},"end":{"line":40,"column":28}},"loc":{"start":{"line":40,"column":44},"end":{"line":109,"column":1}},"line":40},"3":{"name":"(anonymous_3)","decl":{"start":{"line":61,"column":60},"end":{"line":61,"column":61}},"loc":{"start":{"line":61,"column":70},"end":{"line":61,"column":131}},"line":61},"4":{"name":"(anonymous_4)","decl":{"start":{"line":95,"column":60},"end":{"line":95,"column":61}},"loc":{"start":{"line":95,"column":70},"end":{"line":95,"column":131}},"line":95}},"branchMap":{"0":{"loc":{"start":{"line":24,"column":29},"end":{"line":24,"column":79}},"type":"cond-expr","locations":[{"start":{"line":24,"column":46},"end":{"line":24,"column":74}},{"start":{"line":24,"column":77},"end":{"line":24,"column":79}}],"line":24},"1":{"loc":{"start":{"line":25,"column":35},"end":{"line":25,"column":108}},"type":"cond-expr","locations":[{"start":{"line":25,"column":52},"end":{"line":25,"column":78}},{"start":{"line":25,"column":81},"end":{"line":25,"column":108}}],"line":25},"2":{"loc":{"start":{"line":45,"column":4},"end":{"line":108,"column":5}},"type":"if","locations":[{"start":{"line":45,"column":4},"end":{"line":108,"column":5}},{"start":{},"end":{}}],"line":45},"3":{"loc":{"start":{"line":45,"column":8},"end":{"line":45,"column":94}},"type":"binary-expr","locations":[{"start":{"line":45,"column":8},"end":{"line":45,"column":49}},{"start":{"line":45,"column":53},"end":{"line":45,"column":94}}],"line":45},"4":{"loc":{"start":{"line":47,"column":8},"end":{"line":87,"column":9}},"type":"if","locations":[{"start":{"line":47,"column":8},"end":{"line":87,"column":9}},{"start":{},"end":{}}],"line":47},"5":{"loc":{"start":{"line":48,"column":12},"end":{"line":48,"column":78}},"type":"if","locations":[{"start":{"line":48,"column":12},"end":{"line":48,"column":78}},{"start":{},"end":{}}],"line":48},"6":{"loc":{"start":{"line":51,"column":12},"end":{"line":86,"column":13}},"type":"if","locations":[{"start":{"line":51,"column":12},"end":{"line":86,"column":13}},{"start":{"line":57,"column":17},"end":{"line":86,"column":13}}],"line":51},"7":{"loc":{"start":{"line":53,"column":84},"end":{"line":53,"column":125}},"type":"cond-expr","locations":[{"start":{"line":53,"column":103},"end":{"line":53,"column":112}},{"start":{"line":53,"column":115},"end":{"line":53,"column":125}}],"line":53},"8":{"loc":{"start":{"line":57,"column":17},"end":{"line":86,"column":13}},"type":"if","locations":[{"start":{"line":57,"column":17},"end":{"line":86,"column":13}},{"start":{"line":73,"column":17},"end":{"line":86,"column":13}}],"line":57},"9":{"loc":{"start":{"line":59,"column":16},"end":{"line":69,"column":17}},"type":"if","locations":[{"start":{"line":59,"column":16},"end":{"line":69,"column":17}},{"start":{"line":67,"column":23},"end":{"line":69,"column":17}}],"line":59},"10":{"loc":{"start":{"line":62,"column":20},"end":{"line":66,"column":21}},"type":"if","locations":[{"start":{"line":62,"column":20},"end":{"line":66,"column":21}},{"start":{"line":64,"column":27},"end":{"line":66,"column":21}}],"line":62},"11":{"loc":{"start":{"line":73,"column":17},"end":{"line":86,"column":13}},"type":"if","locations":[{"start":{"line":73,"column":17},"end":{"line":86,"column":13}},{"start":{},"end":{}}],"line":73},"12":{"loc":{"start":{"line":75,"column":16},"end":{"line":85,"column":17}},"type":"if","locations":[{"start":{"line":75,"column":16},"end":{"line":85,"column":17}},{"start":{"line":83,"column":23},"end":{"line":85,"column":17}}],"line":75},"13":{"loc":{"start":{"line":77,"column":20},"end":{"line":82,"column":21}},"type":"if","locations":[{"start":{"line":77,"column":20},"end":{"line":82,"column":21}},{"start":{"line":80,"column":27},"end":{"line":82,"column":21}}],"line":77},"14":{"loc":{"start":{"line":77,"column":24},"end":{"line":77,"column":66}},"type":"binary-expr","locations":[{"start":{"line":77,"column":24},"end":{"line":77,"column":37}},{"start":{"line":77,"column":41},"end":{"line":77,"column":51}},{"start":{"line":77,"column":55},"end":{"line":77,"column":66}}],"line":77},"15":{"loc":{"start":{"line":90,"column":8},"end":{"line":107,"column":9}},"type":"if","locations":[{"start":{"line":90,"column":8},"end":{"line":107,"column":9}},{"start":{},"end":{}}],"line":90},"16":{"loc":{"start":{"line":91,"column":12},"end":{"line":106,"column":13}},"type":"if","locations":[{"start":{"line":91,"column":12},"end":{"line":106,"column":13}},{"start":{"line":104,"column":19},"end":{"line":106,"column":13}}],"line":91},"17":{"loc":{"start":{"line":91,"column":16},"end":{"line":91,"column":62}},"type":"binary-expr","locations":[{"start":{"line":91,"column":16},"end":{"line":91,"column":42}},{"start":{"line":91,"column":46},"end":{"line":91,"column":62}}],"line":91},"18":{"loc":{"start":{"line":93,"column":16},"end":{"line":103,"column":17}},"type":"if","locations":[{"start":{"line":93,"column":16},"end":{"line":103,"column":17}},{"start":{"line":101,"column":23},"end":{"line":103,"column":17}}],"line":93},"19":{"loc":{"start":{"line":96,"column":20},"end":{"line":100,"column":21}},"type":"if","locations":[{"start":{"line":96,"column":20},"end":{"line":100,"column":21}},{"start":{"line":98,"column":27},"end":{"line":100,"column":21}}],"line":96},"20":{"loc":{"start":{"line":104,"column":19},"end":{"line":106,"column":13}},"type":"if","locations":[{"start":{"line":104,"column":19},"end":{"line":106,"column":13}},{"start":{},"end":{}}],"line":104},"21":{"loc":{"start":{"line":104,"column":23},"end":{"line":104,"column":70}},"type":"binary-expr","locations":[{"start":{"line":104,"column":23},"end":{"line":104,"column":49}},{"start":{"line":104,"column":53},"end":{"line":104,"column":70}}],"line":104}},"s":{"0":0,"1":0,"2":0,"3":0,"4":0,"5":0,"6":0,"7":0,"8":0,"9":0,"10":0,"11":0,"12":0,"13":0,"14":0,"15":0,"16":0,"17":0,"18":0,"19":0,"20":0,"21":0,"22":0,"23":0,"24":0,"25":0,"26":0,"27":0,"28":0,"29":0,"30":0,"31":0,"32":0,"33":0,"34":0,"35":0,"36":0,"37":0,"38":0,"39":0,"40":0,"41":0,"42":0,"43":0,"44":0,"45":0,"46":0,"47":0,"48":0,"49":0,"50":0,"51":0,"52":0,"53":0,"54":0,"55":0,"56":0,"57":0,"58":0,"59":0,"60":0},"f":{"0":0,"1":0,"2":0,"3":0,"4":0},"b":{"0":[0,0],"1":[0,0],"2":[0,0],"3":[0,0],"4":[0,0],"5":[0,0],"6":[0,0],"7":[0,0],"8":[0,0],"9":[0,0],"10":[0,0],"11":[0,0],"12":[0,0],"13":[0,0],"14":[0,0,0],"15":[0,0],"16":[0,0],"17":[0,0],"18":[0,0],"19":[0,0],"20":[0,0],"21":[0,0]}}
,"/home/gavin/coding/hello-dalle-discordbot/config.js": {"path":"/home/gavin/coding/hello-dalle-discordbot/config.js","statementMap":{"0":{"start":{"line":1,"column":0},"end":{"line":1,"column":27}},"1":{"start":{"line":3,"column":15},"end":{"line":3,"column":54}},"2":{"start":{"line":5,"column":0},"end":{"line":24,"column":2}},"3":{"start":{"line":13,"column":8},"end":{"line":13,"column":24}},"4":{"start":{"line":16,"column":8},"end":{"line":20,"column":9}},"5":{"start":{"line":17,"column":12},"end":{"line":17,"column":29}},"6":{"start":{"line":19,"column":12},"end":{"line":19,"column":72}}},"fnMap":{"0":{"name":"(anonymous_0)","decl":{"start":{"line":12,"column":4},"end":{"line":12,"column":5}},"loc":{"start":{"line":12,"column":19},"end":{"line":14,"column":5}},"line":12},"1":{"name":"(anonymous_1)","decl":{"start":{"line":15,"column":4},"end":{"line":15,"column":5}},"loc":{"start":{"line":15,"column":24},"end":{"line":21,"column":5}},"line":15}},"branchMap":{"0":{"loc":{"start":{"line":3,"column":15},"end":{"line":3,"column":54}},"type":"binary-expr","locations":[{"start":{"line":3,"column":15},"end":{"line":3,"column":49}},{"start":{"line":3,"column":53},"end":{"line":3,"column":54}}],"line":3},"1":{"loc":{"start":{"line":16,"column":8},"end":{"line":20,"column":9}},"type":"if","locations":[{"start":{"line":16,"column":8},"end":{"line":20,"column":9}},{"start":{"line":18,"column":15},"end":{"line":20,"column":9}}],"line":16},"2":{"loc":{"start":{"line":16,"column":12},"end":{"line":16,"column":37}},"type":"binary-expr","locations":[{"start":{"line":16,"column":12},"end":{"line":16,"column":22}},{"start":{"line":16,"column":26},"end":{"line":16,"column":37}}],"line":16}},"s":{"0":1,"1":1,"2":1,"3":1,"4":0,"5":0,"6":0},"f":{"0":1,"1":0},"b":{"0":[1,1],"1":[0,0],"2":[0,0]},"_coverageSchema":"1a1c01bbd47fc00a2c39e90264f33305004495a9","hash":"1fdfc08cb93d22765c2f3e2570c2ed19ad34bf9f"}
,"/home/gavin/coding/hello-dalle-discordbot/jest.config.js": {"path":"/home/gavin/coding/hello-dalle-discordbot/jest.config.js","statementMap":{"0":{"start":{"line":1,"column":0},"end":{"line":15,"column":2}}},"fnMap":{},"branchMap":{},"s":{"0":0},"f":{},"b":{}}
,"/home/gavin/coding/hello-dalle-discordbot/log.js": {"path":"/home/gavin/coding/hello-dalle-discordbot/log.js","statementMap":{"0":{"start":{"line":1,"column":31},"end":{"line":1,"column":50}},"1":{"start":{"line":4,"column":4},"end":{"line":4,"column":25}},"2":{"start":{"line":5,"column":4},"end":{"line":24,"column":5}},"3":{"start":{"line":6,"column":31},"end":{"line":6,"column":75}},"4":{"start":{"line":7,"column":8},"end":{"line":11,"column":9}},"5":{"start":{"line":8,"column":12},"end":{"line":8,"column":47}},"6":{"start":{"line":10,"column":12},"end":{"line":10,"column":85}},"7":{"start":{"line":13,"column":27},"end":{"line":13,"column":54}},"8":{"start":{"line":14,"column":8},"end":{"line":23,"column":9}},"9":{"start":{"line":15,"column":35},"end":{"line":15,"column":84}},"10":{"start":{"line":16,"column":12},"end":{"line":20,"column":13}},"11":{"start":{"line":17,"column":16},"end":{"line":17,"column":51}},"12":{"start":{"line":19,"column":16},"end":{"line":19,"column":89}},"13":{"start":{"line":22,"column":12},"end":{"line":22,"column":63}},"14":{"start":{"line":27,"column":0},"end":{"line":29,"column":2}}},"fnMap":{"0":{"name":"logMessage","decl":{"start":{"line":3,"column":15},"end":{"line":3,"column":25}},"loc":{"start":{"line":3,"column":50},"end":{"line":25,"column":1}},"line":3}},"branchMap":{"0":{"loc":{"start":{"line":5,"column":4},"end":{"line":24,"column":5}},"type":"if","locations":[{"start":{"line":5,"column":4},"end":{"line":24,"column":5}},{"start":{"line":12,"column":11},"end":{"line":24,"column":5}}],"line":5},"1":{"loc":{"start":{"line":7,"column":8},"end":{"line":11,"column":9}},"type":"if","locations":[{"start":{"line":7,"column":8},"end":{"line":11,"column":9}},{"start":{"line":9,"column":15},"end":{"line":11,"column":9}}],"line":7},"2":{"loc":{"start":{"line":14,"column":8},"end":{"line":23,"column":9}},"type":"if","locations":[{"start":{"line":14,"column":8},"end":{"line":23,"column":9}},{"start":{"line":21,"column":15},"end":{"line":23,"column":9}}],"line":14},"3":{"loc":{"start":{"line":16,"column":12},"end":{"line":20,"column":13}},"type":"if","locations":[{"start":{"line":16,"column":12},"end":{"line":20,"column":13}},{"start":{"line":18,"column":19},"end":{"line":20,"column":13}}],"line":16}},"s":{"0":0,"1":0,"2":0,"3":0,"4":0,"5":0,"6":0,"7":0,"8":0,"9":0,"10":0,"11":0,"12":0,"13":0,"14":0},"f":{"0":0},"b":{"0":[0,0],"1":[0,0],"2":[0,0],"3":[0,0]}}
,"/home/gavin/coding/hello-dalle-discordbot/utils.js": {"path":"/home/gavin/coding/hello-dalle-discordbot/utils.js","statementMap":{"0":{"start":{"line":1,"column":11},"end":{"line":1,"column":24}},"1":{"start":{"line":2,"column":13},"end":{"line":2,"column":28}},"2":{"start":{"line":4,"column":25},"end":{"line":4,"column":66}},"3":{"start":{"line":8,"column":4},"end":{"line":11,"column":5}},"4":{"start":{"line":9,"column":21},"end":{"line":9,"column":54}},"5":{"start":{"line":10,"column":8},"end":{"line":10,"column":38}},"6":{"start":{"line":12,"column":4},"end":{"line":12,"column":13}},"7":{"start":{"line":17,"column":4},"end":{"line":17,"column":73}},"8":{"start":{"line":20,"column":0},"end":{"line":23,"column":2}}},"fnMap":{"0":{"name":"readWelcomeCount","decl":{"start":{"line":7,"column":9},"end":{"line":7,"column":25}},"loc":{"start":{"line":7,"column":28},"end":{"line":13,"column":1}},"line":7},"1":{"name":"writeWelcomeCount","decl":{"start":{"line":16,"column":9},"end":{"line":16,"column":26}},"loc":{"start":{"line":16,"column":34},"end":{"line":18,"column":1}},"line":16}},"branchMap":{"0":{"loc":{"start":{"line":8,"column":4},"end":{"line":11,"column":5}},"type":"if","locations":[{"start":{"line":8,"column":4},"end":{"line":11,"column":5}},{"start":{},"end":{}}],"line":8}},"s":{"0":0,"1":0,"2":0,"3":0,"4":0,"5":0,"6":0,"7":0,"8":0},"f":{"0":0,"1":0},"b":{"0":[0,0]}}
,"/home/gavin/coding/hello-dalle-discordbot/welcome.js": {"path":"/home/gavin/coding/hello-dalle-discordbot/welcome.js","statementMap":{"0":{"start":{"line":1,"column":102},"end":{"line":1,"column":121}},"1":{"start":{"line":2,"column":23},"end":{"line":2,"column":39}},"2":{"start":{"line":3,"column":48},"end":{"line":3,"column":66}},"3":{"start":{"line":4,"column":14},"end":{"line":4,"column":30}},"4":{"start":{"line":5,"column":11},"end":{"line":5,"column":24}},"5":{"start":{"line":6,"column":13},"end":{"line":6,"column":28}},"6":{"start":{"line":8,"column":19},"end":{"line":8,"column":37}},"7":{"start":{"line":10,"column":24},"end":{"line":10,"column":250}},"8":{"start":{"line":10,"column":38},"end":{"line":10,"column":250}},"9":{"start":{"line":13,"column":25},"end":{"line":13,"column":97}},"10":{"start":{"line":16,"column":0},"end":{"line":18,"column":1}},"11":{"start":{"line":17,"column":4},"end":{"line":17,"column":35}},"12":{"start":{"line":30,"column":27},"end":{"line":30,"column":78}},"13":{"start":{"line":31,"column":4},"end":{"line":38,"column":5}},"14":{"start":{"line":32,"column":8},"end":{"line":35,"column":11}},"15":{"start":{"line":37,"column":8},"end":{"line":37,"column":91}},"16":{"start":{"line":37,"column":19},"end":{"line":37,"column":91}},"17":{"start":{"line":43,"column":4},"end":{"line":43,"column":61}},"18":{"start":{"line":43,"column":15},"end":{"line":43,"column":61}},"19":{"start":{"line":44,"column":18},"end":{"line":44,"column":68}},"20":{"start":{"line":46,"column":4},"end":{"line":76,"column":5}},"21":{"start":{"line":47,"column":25},"end":{"line":69,"column":10}},"22":{"start":{"line":71,"column":8},"end":{"line":71,"column":95}},"23":{"start":{"line":71,"column":19},"end":{"line":71,"column":95}},"24":{"start":{"line":72,"column":8},"end":{"line":72,"column":56}},"25":{"start":{"line":74,"column":8},"end":{"line":74,"column":75}},"26":{"start":{"line":74,"column":19},"end":{"line":74,"column":75}},"27":{"start":{"line":75,"column":8},"end":{"line":75,"column":20}},"28":{"start":{"line":81,"column":4},"end":{"line":81,"column":70}},"29":{"start":{"line":81,"column":15},"end":{"line":81,"column":70}},"30":{"start":{"line":83,"column":4},"end":{"line":113,"column":5}},"31":{"start":{"line":83,"column":23},"end":{"line":83,"column":24}},"32":{"start":{"line":84,"column":8},"end":{"line":112,"column":9}},"33":{"start":{"line":85,"column":29},"end":{"line":95,"column":14}},"34":{"start":{"line":97,"column":12},"end":{"line":97,"column":84}},"35":{"start":{"line":97,"column":23},"end":{"line":97,"column":84}},"36":{"start":{"line":98,"column":12},"end":{"line":98,"column":45}},"37":{"start":{"line":100,"column":12},"end":{"line":100,"column":102}},"38":{"start":{"line":100,"column":23},"end":{"line":100,"column":102}},"39":{"start":{"line":102,"column":12},"end":{"line":111,"column":13}},"40":{"start":{"line":103,"column":16},"end":{"line":108,"column":17}},"41":{"start":{"line":104,"column":20},"end":{"line":104,"column":87}},"42":{"start":{"line":104,"column":49},"end":{"line":104,"column":85}},"43":{"start":{"line":105,"column":20},"end":{"line":105,"column":29}},"44":{"start":{"line":107,"column":20},"end":{"line":107,"column":107}},"45":{"start":{"line":110,"column":16},"end":{"line":110,"column":28}},"46":{"start":{"line":118,"column":21},"end":{"line":121,"column":6}},"47":{"start":{"line":123,"column":4},"end":{"line":127,"column":7}},"48":{"start":{"line":124,"column":8},"end":{"line":126,"column":41}},"49":{"start":{"line":125,"column":32},"end":{"line":125,"column":49}},"50":{"start":{"line":126,"column":30},"end":{"line":126,"column":39}},"51":{"start":{"line":132,"column":4},"end":{"line":135,"column":5}},"52":{"start":{"line":133,"column":8},"end":{"line":133,"column":84}},"53":{"start":{"line":134,"column":8},"end":{"line":134,"column":41}},"54":{"start":{"line":137,"column":25},"end":{"line":137,"column":44}},"55":{"start":{"line":138,"column":4},"end":{"line":138,"column":84}},"56":{"start":{"line":138,"column":15},"end":{"line":138,"column":84}},"57":{"start":{"line":139,"column":4},"end":{"line":139,"column":93}},"58":{"start":{"line":141,"column":4},"end":{"line":161,"column":5}},"59":{"start":{"line":142,"column":8},"end":{"line":142,"column":78}},"60":{"start":{"line":142,"column":19},"end":{"line":142,"column":78}},"61":{"start":{"line":143,"column":8},"end":{"line":143,"column":41}},"62":{"start":{"line":146,"column":33},"end":{"line":146,"column":57}},"63":{"start":{"line":147,"column":8},"end":{"line":147,"column":74}},"64":{"start":{"line":147,"column":19},"end":{"line":147,"column":74}},"65":{"start":{"line":148,"column":31},"end":{"line":148,"column":97}},"66":{"start":{"line":149,"column":27},"end":{"line":149,"column":61}},"67":{"start":{"line":150,"column":8},"end":{"line":150,"column":58}},"68":{"start":{"line":151,"column":8},"end":{"line":151,"column":90}},"69":{"start":{"line":151,"column":19},"end":{"line":151,"column":90}},"70":{"start":{"line":154,"column":28},"end":{"line":154,"column":74}},"71":{"start":{"line":155,"column":8},"end":{"line":155,"column":84}},"72":{"start":{"line":155,"column":19},"end":{"line":155,"column":84}},"73":{"start":{"line":158,"column":25},"end":{"line":158,"column":71}},"74":{"start":{"line":159,"column":8},"end":{"line":159,"column":65}},"75":{"start":{"line":160,"column":8},"end":{"line":160,"column":26}},"76":{"start":{"line":165,"column":18},"end":{"line":165,"column":30}},"77":{"start":{"line":166,"column":24},"end":{"line":166,"column":42}},"78":{"start":{"line":167,"column":19},"end":{"line":167,"column":33}},"79":{"start":{"line":168,"column":22},"end":{"line":168,"column":84}},"80":{"start":{"line":171,"column":32},"end":{"line":171,"column":53}},"81":{"start":{"line":172,"column":30},"end":{"line":172,"column":107}},"82":{"start":{"line":175,"column":4},"end":{"line":175,"column":129}},"83":{"start":{"line":176,"column":4},"end":{"line":176,"column":60}},"84":{"start":{"line":178,"column":4},"end":{"line":178,"column":103}},"85":{"start":{"line":178,"column":15},"end":{"line":178,"column":103}},"86":{"start":{"line":180,"column":4},"end":{"line":251,"column":5}},"87":{"start":{"line":184,"column":8},"end":{"line":212,"column":9}},"88":{"start":{"line":185,"column":12},"end":{"line":185,"column":158}},"89":{"start":{"line":186,"column":12},"end":{"line":186,"column":191}},"90":{"start":{"line":188,"column":33},"end":{"line":188,"column":52}},"91":{"start":{"line":189,"column":12},"end":{"line":189,"column":92}},"92":{"start":{"line":189,"column":23},"end":{"line":189,"column":92}},"93":{"start":{"line":190,"column":12},"end":{"line":190,"column":101}},"94":{"start":{"line":192,"column":12},"end":{"line":211,"column":13}},"95":{"start":{"line":193,"column":16},"end":{"line":193,"column":89}},"96":{"start":{"line":193,"column":27},"end":{"line":193,"column":89}},"97":{"start":{"line":194,"column":16},"end":{"line":194,"column":58}},"98":{"start":{"line":197,"column":41},"end":{"line":197,"column":65}},"99":{"start":{"line":198,"column":16},"end":{"line":198,"column":85}},"100":{"start":{"line":198,"column":27},"end":{"line":198,"column":85}},"101":{"start":{"line":199,"column":39},"end":{"line":199,"column":105}},"102":{"start":{"line":200,"column":35},"end":{"line":200,"column":69}},"103":{"start":{"line":201,"column":16},"end":{"line":201,"column":66}},"104":{"start":{"line":202,"column":16},"end":{"line":202,"column":101}},"105":{"start":{"line":202,"column":27},"end":{"line":202,"column":101}},"106":{"start":{"line":205,"column":36},"end":{"line":205,"column":82}},"107":{"start":{"line":206,"column":16},"end":{"line":206,"column":95}},"108":{"start":{"line":206,"column":27},"end":{"line":206,"column":95}},"109":{"start":{"line":209,"column":16},"end":{"line":209,"column":79}},"110":{"start":{"line":210,"column":16},"end":{"line":210,"column":73}},"111":{"start":{"line":214,"column":8},"end":{"line":214,"column":65}},"112":{"start":{"line":215,"column":25},"end":{"line":215,"column":71}},"113":{"start":{"line":216,"column":8},"end":{"line":216,"column":86}},"114":{"start":{"line":216,"column":19},"end":{"line":216,"column":86}},"115":{"start":{"line":219,"column":26},"end":{"line":219,"column":72}},"116":{"start":{"line":220,"column":31},"end":{"line":220,"column":93}},"117":{"start":{"line":221,"column":8},"end":{"line":221,"column":61}},"118":{"start":{"line":222,"column":8},"end":{"line":222,"column":79}},"119":{"start":{"line":222,"column":19},"end":{"line":222,"column":79}},"120":{"start":{"line":224,"column":8},"end":{"line":242,"column":9}},"121":{"start":{"line":226,"column":12},"end":{"line":226,"column":64}},"122":{"start":{"line":229,"column":12},"end":{"line":229,"column":73}},"123":{"start":{"line":230,"column":12},"end":{"line":230,"column":83}},"124":{"start":{"line":233,"column":35},"end":{"line":233,"column":110}},"125":{"start":{"line":233,"column":72},"end":{"line":233,"column":109}},"126":{"start":{"line":234,"column":12},"end":{"line":241,"column":13}},"127":{"start":{"line":235,"column":16},"end":{"line":238,"column":19}},"128":{"start":{"line":240,"column":16},"end":{"line":240,"column":58}},"129":{"start":{"line":245,"column":8},"end":{"line":245,"column":23}},"130":{"start":{"line":246,"column":8},"end":{"line":246,"column":40}},"131":{"start":{"line":247,"column":8},"end":{"line":247,"column":81}},"132":{"start":{"line":249,"column":8},"end":{"line":249,"column":85}},"133":{"start":{"line":249,"column":19},"end":{"line":249,"column":85}},"134":{"start":{"line":250,"column":8},"end":{"line":250,"column":94}},"135":{"start":{"line":262,"column":18},"end":{"line":262,"column":30}},"136":{"start":{"line":263,"column":24},"end":{"line":263,"column":42}},"137":{"start":{"line":264,"column":19},"end":{"line":264,"column":33}},"138":{"start":{"line":266,"column":4},"end":{"line":285,"column":5}},"139":{"start":{"line":268,"column":27},"end":{"line":268,"column":192}},"140":{"start":{"line":269,"column":8},"end":{"line":269,"column":121}},"141":{"start":{"line":271,"column":25},"end":{"line":271,"column":71}},"142":{"start":{"line":272,"column":8},"end":{"line":272,"column":96}},"143":{"start":{"line":272,"column":19},"end":{"line":272,"column":96}},"144":{"start":{"line":275,"column":26},"end":{"line":275,"column":72}},"145":{"start":{"line":276,"column":31},"end":{"line":276,"column":101}},"146":{"start":{"line":277,"column":8},"end":{"line":277,"column":61}},"147":{"start":{"line":278,"column":8},"end":{"line":278,"column":82}},"148":{"start":{"line":278,"column":19},"end":{"line":278,"column":82}},"149":{"start":{"line":281,"column":8},"end":{"line":281,"column":60}},"150":{"start":{"line":283,"column":8},"end":{"line":283,"column":92}},"151":{"start":{"line":283,"column":19},"end":{"line":283,"column":92}},"152":{"start":{"line":284,"column":8},"end":{"line":284,"column":94}},"153":{"start":{"line":288,"column":0},"end":{"line":292,"column":2}}},"fnMap":{"0":{"name":"(anonymous_0)","decl":{"start":{"line":10,"column":24},"end":{"line":10,"column":25}},"loc":{"start":{"line":10,"column":38},"end":{"line":10,"column":250}},"line":10},"1":{"name":"postToGeneral","decl":{"start":{"line":29,"column":15},"end":{"line":29,"column":28}},"loc":{"start":{"line":29,"column":61},"end":{"line":39,"column":1}},"line":29},"2":{"name":"describeImage","decl":{"start":{"line":42,"column":15},"end":{"line":42,"column":28}},"loc":{"start":{"line":42,"column":55},"end":{"line":77,"column":1}},"line":42},"3":{"name":"generateImage","decl":{"start":{"line":80,"column":15},"end":{"line":80,"column":28}},"loc":{"start":{"line":80,"column":79},"end":{"line":114,"column":1}},"line":80},"4":{"name":"(anonymous_4)","decl":{"start":{"line":104,"column":38},"end":{"line":104,"column":39}},"loc":{"start":{"line":104,"column":49},"end":{"line":104,"column":85}},"line":104},"5":{"name":"downloadAndSaveImage","decl":{"start":{"line":117,"column":15},"end":{"line":117,"column":35}},"loc":{"start":{"line":117,"column":51},"end":{"line":128,"column":1}},"line":117},"6":{"name":"(anonymous_6)","decl":{"start":{"line":123,"column":23},"end":{"line":123,"column":24}},"loc":{"start":{"line":123,"column":44},"end":{"line":127,"column":5}},"line":123},"7":{"name":"(anonymous_7)","decl":{"start":{"line":125,"column":26},"end":{"line":125,"column":27}},"loc":{"start":{"line":125,"column":32},"end":{"line":125,"column":49}},"line":125},"8":{"name":"(anonymous_8)","decl":{"start":{"line":126,"column":25},"end":{"line":126,"column":26}},"loc":{"start":{"line":126,"column":30},"end":{"line":126,"column":39}},"line":126},"9":{"name":"getFullPrompt","decl":{"start":{"line":131,"column":15},"end":{"line":131,"column":28}},"loc":{"start":{"line":131,"column":73},"end":{"line":162,"column":1}},"line":131},"10":{"name":"welcomeUser","decl":{"start":{"line":164,"column":15},"end":{"line":164,"column":26}},"loc":{"start":{"line":164,"column":61},"end":{"line":252,"column":1}},"line":164},"11":{"name":"(anonymous_11)","decl":{"start":{"line":233,"column":61},"end":{"line":233,"column":62}},"loc":{"start":{"line":233,"column":72},"end":{"line":233,"column":109}},"line":233},"12":{"name":"generateProfilePicture","decl":{"start":{"line":261,"column":15},"end":{"line":261,"column":37}},"loc":{"start":{"line":261,"column":54},"end":{"line":286,"column":1}},"line":261}},"branchMap":{"0":{"loc":{"start":{"line":13,"column":25},"end":{"line":13,"column":97}},"type":"binary-expr","locations":[{"start":{"line":13,"column":25},"end":{"line":13,"column":55}},{"start":{"line":13,"column":59},"end":{"line":13,"column":97}}],"line":13},"1":{"loc":{"start":{"line":16,"column":0},"end":{"line":18,"column":1}},"type":"if","locations":[{"start":{"line":16,"column":0},"end":{"line":18,"column":1}},{"start":{},"end":{}}],"line":16},"2":{"loc":{"start":{"line":31,"column":4},"end":{"line":38,"column":5}},"type":"if","locations":[{"start":{"line":31,"column":4},"end":{"line":38,"column":5}},{"start":{"line":36,"column":11},"end":{"line":38,"column":5}}],"line":31},"3":{"loc":{"start":{"line":37,"column":8},"end":{"line":37,"column":91}},"type":"if","locations":[{"start":{"line":37,"column":8},"end":{"line":37,"column":91}},{"start":{},"end":{}}],"line":37},"4":{"loc":{"start":{"line":43,"column":4},"end":{"line":43,"column":61}},"type":"if","locations":[{"start":{"line":43,"column":4},"end":{"line":43,"column":61}},{"start":{},"end":{}}],"line":43},"5":{"loc":{"start":{"line":71,"column":8},"end":{"line":71,"column":95}},"type":"if","locations":[{"start":{"line":71,"column":8},"end":{"line":71,"column":95}},{"start":{},"end":{}}],"line":71},"6":{"loc":{"start":{"line":74,"column":8},"end":{"line":74,"column":75}},"type":"if","locations":[{"start":{"line":74,"column":8},"end":{"line":74,"column":75}},{"start":{},"end":{}}],"line":74},"7":{"loc":{"start":{"line":80,"column":52},"end":{"line":80,"column":63}},"type":"default-arg","locations":[{"start":{"line":80,"column":62},"end":{"line":80,"column":63}}],"line":80},"8":{"loc":{"start":{"line":80,"column":65},"end":{"line":80,"column":77}},"type":"default-arg","locations":[{"start":{"line":80,"column":73},"end":{"line":80,"column":77}}],"line":80},"9":{"loc":{"start":{"line":81,"column":4},"end":{"line":81,"column":70}},"type":"if","locations":[{"start":{"line":81,"column":4},"end":{"line":81,"column":70}},{"start":{},"end":{}}],"line":81},"10":{"loc":{"start":{"line":97,"column":12},"end":{"line":97,"column":84}},"type":"if","locations":[{"start":{"line":97,"column":12},"end":{"line":97,"column":84}},{"start":{},"end":{}}],"line":97},"11":{"loc":{"start":{"line":100,"column":12},"end":{"line":100,"column":102}},"type":"if","locations":[{"start":{"line":100,"column":12},"end":{"line":100,"column":102}},{"start":{},"end":{}}],"line":100},"12":{"loc":{"start":{"line":102,"column":12},"end":{"line":111,"column":13}},"type":"if","locations":[{"start":{"line":102,"column":12},"end":{"line":111,"column":13}},{"start":{"line":109,"column":19},"end":{"line":111,"column":13}}],"line":102},"13":{"loc":{"start":{"line":102,"column":16},"end":{"line":102,"column":63}},"type":"binary-expr","locations":[{"start":{"line":102,"column":16},"end":{"line":102,"column":30}},{"start":{"line":102,"column":34},"end":{"line":102,"column":63}}],"line":102},"14":{"loc":{"start":{"line":103,"column":16},"end":{"line":108,"column":17}},"type":"if","locations":[{"start":{"line":103,"column":16},"end":{"line":108,"column":17}},{"start":{"line":106,"column":23},"end":{"line":108,"column":17}}],"line":103},"15":{"loc":{"start":{"line":132,"column":4},"end":{"line":135,"column":5}},"type":"if","locations":[{"start":{"line":132,"column":4},"end":{"line":135,"column":5}},{"start":{},"end":{}}],"line":132},"16":{"loc":{"start":{"line":138,"column":4},"end":{"line":138,"column":84}},"type":"if","locations":[{"start":{"line":138,"column":4},"end":{"line":138,"column":84}},{"start":{},"end":{}}],"line":138},"17":{"loc":{"start":{"line":141,"column":4},"end":{"line":161,"column":5}},"type":"if","locations":[{"start":{"line":141,"column":4},"end":{"line":161,"column":5}},{"start":{"line":144,"column":11},"end":{"line":161,"column":5}}],"line":141},"18":{"loc":{"start":{"line":142,"column":8},"end":{"line":142,"column":78}},"type":"if","locations":[{"start":{"line":142,"column":8},"end":{"line":142,"column":78}},{"start":{},"end":{}}],"line":142},"19":{"loc":{"start":{"line":147,"column":8},"end":{"line":147,"column":74}},"type":"if","locations":[{"start":{"line":147,"column":8},"end":{"line":147,"column":74}},{"start":{},"end":{}}],"line":147},"20":{"loc":{"start":{"line":151,"column":8},"end":{"line":151,"column":90}},"type":"if","locations":[{"start":{"line":151,"column":8},"end":{"line":151,"column":90}},{"start":{},"end":{}}],"line":151},"21":{"loc":{"start":{"line":155,"column":8},"end":{"line":155,"column":84}},"type":"if","locations":[{"start":{"line":155,"column":8},"end":{"line":155,"column":84}},{"start":{},"end":{}}],"line":155},"22":{"loc":{"start":{"line":164,"column":43},"end":{"line":164,"column":59}},"type":"default-arg","locations":[{"start":{"line":164,"column":54},"end":{"line":164,"column":59}}],"line":164},"23":{"loc":{"start":{"line":178,"column":4},"end":{"line":178,"column":103}},"type":"if","locations":[{"start":{"line":178,"column":4},"end":{"line":178,"column":103}},{"start":{},"end":{}}],"line":178},"24":{"loc":{"start":{"line":184,"column":8},"end":{"line":212,"column":9}},"type":"if","locations":[{"start":{"line":184,"column":8},"end":{"line":212,"column":9}},{"start":{"line":187,"column":15},"end":{"line":212,"column":9}}],"line":184},"25":{"loc":{"start":{"line":184,"column":12},"end":{"line":184,"column":51}},"type":"binary-expr","locations":[{"start":{"line":184,"column":12},"end":{"line":184,"column":39}},{"start":{"line":184,"column":43},"end":{"line":184,"column":51}}],"line":184},"26":{"loc":{"start":{"line":185,"column":44},"end":{"line":185,"column":156}},"type":"cond-expr","locations":[{"start":{"line":185,"column":55},"end":{"line":185,"column":88}},{"start":{"line":185,"column":91},"end":{"line":185,"column":156}}],"line":185},"27":{"loc":{"start":{"line":189,"column":12},"end":{"line":189,"column":92}},"type":"if","locations":[{"start":{"line":189,"column":12},"end":{"line":189,"column":92}},{"start":{},"end":{}}],"line":189},"28":{"loc":{"start":{"line":192,"column":12},"end":{"line":211,"column":13}},"type":"if","locations":[{"start":{"line":192,"column":12},"end":{"line":211,"column":13}},{"start":{"line":195,"column":19},"end":{"line":211,"column":13}}],"line":192},"29":{"loc":{"start":{"line":193,"column":16},"end":{"line":193,"column":89}},"type":"if","locations":[{"start":{"line":193,"column":16},"end":{"line":193,"column":89}},{"start":{},"end":{}}],"line":193},"30":{"loc":{"start":{"line":198,"column":16},"end":{"line":198,"column":85}},"type":"if","locations":[{"start":{"line":198,"column":16},"end":{"line":198,"column":85}},{"start":{},"end":{}}],"line":198},"31":{"loc":{"start":{"line":202,"column":16},"end":{"line":202,"column":101}},"type":"if","locations":[{"start":{"line":202,"column":16},"end":{"line":202,"column":101}},{"start":{},"end":{}}],"line":202},"32":{"loc":{"start":{"line":206,"column":16},"end":{"line":206,"column":95}},"type":"if","locations":[{"start":{"line":206,"column":16},"end":{"line":206,"column":95}},{"start":{},"end":{}}],"line":206},"33":{"loc":{"start":{"line":216,"column":8},"end":{"line":216,"column":86}},"type":"if","locations":[{"start":{"line":216,"column":8},"end":{"line":216,"column":86}},{"start":{},"end":{}}],"line":216},"34":{"loc":{"start":{"line":222,"column":8},"end":{"line":222,"column":79}},"type":"if","locations":[{"start":{"line":222,"column":8},"end":{"line":222,"column":79}},{"start":{},"end":{}}],"line":222},"35":{"loc":{"start":{"line":224,"column":8},"end":{"line":242,"column":9}},"type":"if","locations":[{"start":{"line":224,"column":8},"end":{"line":242,"column":9}},{"start":{"line":227,"column":15},"end":{"line":242,"column":9}}],"line":224},"36":{"loc":{"start":{"line":224,"column":12},"end":{"line":224,"column":51}},"type":"binary-expr","locations":[{"start":{"line":224,"column":12},"end":{"line":224,"column":39}},{"start":{"line":224,"column":43},"end":{"line":224,"column":51}}],"line":224},"37":{"loc":{"start":{"line":234,"column":12},"end":{"line":241,"column":13}},"type":"if","locations":[{"start":{"line":234,"column":12},"end":{"line":241,"column":13}},{"start":{"line":239,"column":19},"end":{"line":241,"column":13}}],"line":234},"38":{"loc":{"start":{"line":249,"column":8},"end":{"line":249,"column":85}},"type":"if","locations":[{"start":{"line":249,"column":8},"end":{"line":249,"column":85}},{"start":{},"end":{}}],"line":249},"39":{"loc":{"start":{"line":272,"column":8},"end":{"line":272,"column":96}},"type":"if","locations":[{"start":{"line":272,"column":8},"end":{"line":272,"column":96}},{"start":{},"end":{}}],"line":272},"40":{"loc":{"start":{"line":278,"column":8},"end":{"line":278,"column":82}},"type":"if","locations":[{"start":{"line":278,"column":8},"end":{"line":278,"column":82}},{"start":{},"end":{}}],"line":278},"41":{"loc":{"start":{"line":283,"column":8},"end":{"line":283,"column":92}},"type":"if","locations":[{"start":{"line":283,"column":8},"end":{"line":283,"column":92}},{"start":{},"end":{}}],"line":283}},"s":{"0":0,"1":0,"2":0,"3":0,"4":0,"5":0,"6":0,"7":0,"8":0,"9":0,"10":0,"11":0,"12":0,"13":0,"14":0,"15":0,"16":0,"17":0,"18":0,"19":0,"20":0,"21":0,"22":0,"23":0,"24":0,"25":0,"26":0,"27":0,"28":0,"29":0,"30":0,"31":0,"32":0,"33":0,"34":0,"35":0,"36":0,"37":0,"38":0,"39":0,"40":0,"41":0,"42":0,"43":0,"44":0,"45":0,"46":0,"47":0,"48":0,"49":0,"50":0,"51":0,"52":0,"53":0,"54":0,"55":0,"56":0,"57":0,"58":0,"59":0,"60":0,"61":0,"62":0,"63":0,"64":0,"65":0,"66":0,"67":0,"68":0,"69":0,"70":0,"71":0,"72":0,"73":0,"74":0,"75":0,"76":0,"77":0,"78":0,"79":0,"80":0,"81":0,"82":0,"83":0,"84":0,"85":0,"86":0,"87":0,"88":0,"89":0,"90":0,"91":0,"92":0,"93":0,"94":0,"95":0,"96":0,"97":0,"98":0,"99":0,"100":0,"101":0,"102":0,"103":0,"104":0,"105":0,"106":0,"107":0,"108":0,"109":0,"110":0,"111":0,"112":0,"113":0,"114":0,"115":0,"116":0,"117":0,"118":0,"119":0,"120":0,"121":0,"122":0,"123":0,"124":0,"125":0,"126":0,"127":0,"128":0,"129":0,"130":0,"131":0,"132":0,"133":0,"134":0,"135":0,"136":0,"137":0,"138":0,"139":0,"140":0,"141":0,"142":0,"143":0,"144":0,"145":0,"146":0,"147":0,"148":0,"149":0,"150":0,"151":0,"152":0,"153":0},"f":{"0":0,"1":0,"2":0,"3":0,"4":0,"5":0,"6":0,"7":0,"8":0,"9":0,"10":0,"11":0,"12":0},"b":{"0":[0,0],"1":[0,0],"2":[0,0],"3":[0,0],"4":[0,0],"5":[0,0],"6":[0,0],"7":[0],"8":[0],"9":[0,0],"10":[0,0],"11":[0,0],"12":[0,0],"13":[0,0],"14":[0,0],"15":[0,0],"16":[0,0],"17":[0,0],"18":[0,0],"19":[0,0],"20":[0,0],"21":[0,0],"22":[0],"23":[0,0],"24":[0,0],"25":[0,0],"26":[0,0],"27":[0,0],"28":[0,0],"29":[0,0],"30":[0,0],"31":[0,0],"32":[0,0],"33":[0,0],"34":[0,0],"35":[0,0],"36":[0,0],"37":[0,0],"38":[0,0],"39":[0,0],"40":[0,0],"41":[0,0]}}
}
